# JRE version: OpenJDK Runtime Environment Temurin-21.0.10+7 (21.0.10+7) (build 21.0.10+7-LTS)
# Java VM: OpenJDK 64-Bit Server VM Temurin-21.0.10+7 (21.0.10+7-LTS, mixed mode, sharing, tiered, compressed oops, compressed class ptrs, g1 gc, windows-amd64)
GC Precious Log:
 CardTable entry size: 512
 Card Set container configuration: InlinePtr #cards 5 size 8 Array Of Cards #cards 12 size 40 Howl #buckets 4 coarsen threshold 1843 Howl Bitmap #cards 512 size 80 coarsen threshold 460 Card regions per heap region 1 cards per card region 2048
 CPUs: 16 total, 16 available
 Memory: 16122M
 Large Page Support: Disabled
 NUMA Support: Disabled
 Compressed Oops: Enabled (32-bit)
 Heap Region Size: 1M
 Heap Min Capacity: 8M
 Heap Initial Capacity: 252M
 Heap Max Capacity: 2G
 Pre-touch: Disabled
 Parallel Workers: 13
 Concurrent Workers: 3
 Concurrent Refinement Workers: 13
 Periodic GC: Disabled
Heap:
 garbage-first heap   total 337920K, used 225078K [0x0000000080000000, 0x0000000100000000)
  region size 1024K, 132 young (135168K), 12 survivors (12288K)
 Metaspace       used 89552K, committed 91136K, reserved 1179648K
  class space    used 10301K, committed 11072K, reserved 1048576K
GC Heap History (20 events):
Event: 6431.055 GC heap before
{Heap before GC invocations=55 (full 0):
 garbage-first heap   total 551936K, used 459549K [0x0000000080000000, 0x0000000100000000)
  region size 1024K, 128 young (131072K), 7 survivors (7168K)
 Metaspace       used 83733K, committed 85184K, reserved 1179648K
  class space    used 10101K, committed 10752K, reserved 1048576K
}
Event: 6431.062 GC heap after
{Heap after GC invocations=56 (full 0):
 garbage-first heap   total 551936K, used 341789K [0x0000000080000000, 0x0000000100000000)
  region size 1024K, 12 young (12288K), 12 survivors (12288K)
 Metaspace       used 83733K, committed 85184K, reserved 1179648K
  class space    used 10101K, committed 10752K, reserved 1048576K
}
Event: 20877.627 GC heap before
{Heap before GC invocations=56 (full 0):
 garbage-first heap   total 551936K, used 503581K [0x0000000080000000, 0x0000000100000000)
  region size 1024K, 166 young (169984K), 12 survivors (12288K)
 Metaspace       used 86239K, committed 87680K, reserved 1179648K
  class space    used 10256K, committed 10944K, reserved 1048576K
}
Event: 20877.852 GC heap after
{Heap after GC invocations=57 (full 0):
 garbage-first heap   total 551936K, used 293217K [0x0000000080000000, 0x0000000100000000)
  region size 1024K, 8 young (8192K), 8 survivors (8192K)
 Metaspace       used 86239K, committed 87680K, reserved 1179648K
  class space    used 10256K, committed 10944K, reserved 1048576K
}
Event: 20881.339 GC heap before
{Heap before GC invocations=57 (full 0):
 garbage-first heap   total 551936K, used 510305K [0x0000000080000000, 0x0000000100000000)
  region size 1024K, 217 young (222208K), 8 survivors (8192K)
 Metaspace       used 87639K, committed 89216K, reserved 1179648K
  class space    used 10310K, committed 11072K, reserved 1048576K
}
Event: 20881.404 GC heap after
{Heap after GC invocations=58 (full 0):
 garbage-first heap   total 551936K, used 252716K [0x0000000080000000, 0x0000000100000000)
  region size 1024K, 17 young (17408K), 17 survivors (17408K)
 Metaspace       used 87639K, committed 89216K, reserved 1179648K
  class space    used 10310K, committed 11072K, reserved 1048576K
}
Event: 20881.667 GC heap before
{Heap before GC invocations=58 (full 0):
 garbage-first heap   total 551936K, used 391980K [0x0000000080000000, 0x0000000100000000)
  region size 1024K, 154 young (157696K), 17 survivors (17408K)
 Metaspace       used 87760K, committed 89344K, reserved 1179648K
  class space    used 10313K, committed 11072K, reserved 1048576K
}
Event: 20881.686 GC heap after
{Heap after GC invocations=59 (full 0):
 garbage-first heap   total 551936K, used 222536K [0x0000000080000000, 0x0000000100000000)
  region size 1024K, 10 young (10240K), 10 survivors (10240K)
 Metaspace       used 87760K, committed 89344K, reserved 1179648K
  class space    used 10313K, committed 11072K, reserved 1048576K
}
Event: 22047.381 GC heap before
{Heap before GC invocations=59 (full 0):
 garbage-first heap   total 551936K, used 514376K [0x0000000080000000, 0x0000000100000000)
  region size 1024K, 286 young (292864K), 10 survivors (10240K)
 Metaspace       used 88180K, committed 89792K, reserved 1179648K
  class space    used 10318K, committed 11072K, reserved 1048576K
}
Event: 22047.476 GC heap after
{Heap after GC invocations=60 (full 0):
 garbage-first heap   total 551936K, used 181544K [0x0000000080000000, 0x0000000100000000)
  region size 1024K, 10 young (10240K), 10 survivors (10240K)
 Metaspace       used 88180K, committed 89792K, reserved 1179648K
  class space    used 10318K, committed 11072K, reserved 1048576K
}
Event: 22054.381 GC heap before
{Heap before GC invocations=60 (full 0):
 garbage-first heap   total 551936K, used 505128K [0x0000000080000000, 0x0000000100000000)
  region size 1024K, 323 young (330752K), 10 survivors (10240K)
 Metaspace       used 88600K, committed 90176K, reserved 1179648K
  class space    used 10319K, committed 11072K, reserved 1048576K
}
Event: 22054.433 GC heap after
{Heap after GC invocations=61 (full 0):
 garbage-first heap   total 551936K, used 156358K [0x0000000080000000, 0x0000000100000000)
  region size 1024K, 17 young (17408K), 17 survivors (17408K)
 Metaspace       used 88600K, committed 90176K, reserved 1179648K
  class space    used 10319K, committed 11072K, reserved 1048576K
}
Event: 22058.646 GC heap before
{Heap before GC invocations=61 (full 0):
 garbage-first heap   total 551936K, used 469702K [0x0000000080000000, 0x0000000100000000)
  region size 1024K, 323 young (330752K), 17 survivors (17408K)
 Metaspace       used 88859K, committed 90432K, reserved 1179648K
  class space    used 10321K, committed 11072K, reserved 1048576K
}
Event: 22058.673 GC heap after
{Heap after GC invocations=62 (full 0):
 garbage-first heap   total 551936K, used 152443K [0x0000000080000000, 0x0000000100000000)
  region size 1024K, 13 young (13312K), 13 survivors (13312K)
 Metaspace       used 88859K, committed 90432K, reserved 1179648K
  class space    used 10321K, committed 11072K, reserved 1048576K
}
Event: 22077.216 GC heap before
{Heap before GC invocations=63 (full 0):
 garbage-first heap   total 389120K, used 336763K [0x0000000080000000, 0x0000000100000000)
  region size 1024K, 228 young (233472K), 13 survivors (13312K)
 Metaspace       used 89123K, committed 90624K, reserved 1179648K
  class space    used 10301K, committed 11072K, reserved 1048576K
}
Event: 22077.231 GC heap after
{Heap after GC invocations=64 (full 0):
 garbage-first heap   total 389120K, used 113743K [0x0000000080000000, 0x0000000100000000)
  region size 1024K, 10 young (10240K), 10 survivors (10240K)
 Metaspace       used 89123K, committed 90624K, reserved 1179648K
  class space    used 10301K, committed 11072K, reserved 1048576K
}
Event: 22091.079 GC heap before
{Heap before GC invocations=64 (full 0):
 garbage-first heap   total 389120K, used 347215K [0x0000000080000000, 0x0000000100000000)
  region size 1024K, 228 young (233472K), 10 survivors (10240K)
 Metaspace       used 89486K, committed 91072K, reserved 1179648K
  class space    used 10301K, committed 11072K, reserved 1048576K
}
Event: 22091.094 GC heap after
{Heap after GC invocations=65 (full 0):
 garbage-first heap   total 389120K, used 113271K [0x0000000080000000, 0x0000000100000000)
  region size 1024K, 13 young (13312K), 13 survivors (13312K)
 Metaspace       used 89486K, committed 91072K, reserved 1179648K
  class space    used 10301K, committed 11072K, reserved 1048576K
}
Event: 22094.244 GC heap before
{Heap before GC invocations=65 (full 0):
 garbage-first heap   total 389120K, used 154231K [0x0000000080000000, 0x0000000100000000)
  region size 1024K, 54 young (55296K), 13 survivors (13312K)
 Metaspace       used 89504K, committed 91072K, reserved 1179648K
  class space    used 10301K, committed 11072K, reserved 1048576K
}
Event: 22094.250 GC heap after
{Heap after GC invocations=66 (full 0):
 garbage-first heap   total 389120K, used 112438K [0x0000000080000000, 0x0000000100000000)
  region size 1024K, 12 young (12288K), 12 survivors (12288K)
 Metaspace       used 89504K, committed 91072K, reserved 1179648K
  class space    used 10301K, committed 11072K, reserved 1048576K
}

